\BOOKMARK [1][-]{section.1}{Introducci\363n: pr\341ctica 3}{}% 1
\BOOKMARK [1][-]{section.2}{El problema}{}% 2
\BOOKMARK [2][-]{subsection.2.1}{Descripci\363n del problema}{section.2}% 3
\BOOKMARK [2][-]{subsection.2.2}{Casos considerados}{section.2}% 4
\BOOKMARK [1][-]{section.3}{Descripci\363n de la aplicaci\363n de los algoritmos}{}% 5
\BOOKMARK [2][-]{subsection.3.1}{Pr\341ctica 1}{section.3}% 6
\BOOKMARK [3][-]{subsubsection.3.1.1}{Representaci\363n de la soluciones}{subsection.3.1}% 7
\BOOKMARK [3][-]{subsubsection.3.1.2}{Funci\363n objetivo}{subsection.3.1}% 8
\BOOKMARK [2][-]{subsection.3.2}{Pr\341ctica 2}{section.3}% 9
\BOOKMARK [3][-]{subsubsection.3.2.1}{Representaci\363n de la soluciones}{subsection.3.2}% 10
\BOOKMARK [3][-]{subsubsection.3.2.2}{Funci\363n objetivo}{subsection.3.2}% 11
\BOOKMARK [3][-]{subsubsection.3.2.3}{Operadores}{subsection.3.2}% 12
\BOOKMARK [2][-]{subsection.3.3}{Pr\341ctica 3}{section.3}% 13
\BOOKMARK [1][-]{section.4}{Algoritmos}{}% 14
\BOOKMARK [2][-]{subsection.4.1}{Pr\341ctica 1}{section.4}% 15
\BOOKMARK [3][-]{subsubsection.4.1.1}{Greedy}{subsection.4.1}% 16
\BOOKMARK [3][-]{subsubsection.4.1.2}{B\372squeda local}{subsection.4.1}% 17
\BOOKMARK [3][-]{subsubsection.4.1.3}{B\372squeda local determinista}{subsection.4.1}% 18
\BOOKMARK [3][-]{subsubsection.4.1.4}{B\372squeda local con greedy}{subsection.4.1}% 19
\BOOKMARK [2][-]{subsection.4.2}{Pr\341ctica 2}{section.4}% 20
\BOOKMARK [3][-]{subsubsection.4.2.1}{ Algoritmos Gen\351ticos Generacionales - AGG }{subsection.4.2}% 21
\BOOKMARK [3][-]{subsubsection.4.2.2}{ Algoritmos Gen\351ticos Estacionario - AGE }{subsection.4.2}% 22
\BOOKMARK [3][-]{subsubsection.4.2.3}{ Algoritmo Mem\351ticos - AM }{subsection.4.2}% 23
\BOOKMARK [3][-]{subsubsection.4.2.4}{ Algoritmo Mem\351tico Mejorado - AMM }{subsection.4.2}% 24
\BOOKMARK [3][-]{subsubsection.4.2.5}{ B\372squeda Local Determinista - LDS }{subsection.4.2}% 25
\BOOKMARK [2][-]{subsection.4.3}{Pr\341ctica 3}{section.4}% 26
\BOOKMARK [3][-]{subsubsection.4.3.1}{ Enfriamiento Simulado - ES }{subsection.4.3}% 27
\BOOKMARK [3][-]{subsubsection.4.3.2}{ B\372squeda Multiarranque B\341sica - BMB }{subsection.4.3}% 28
\BOOKMARK [3][-]{subsubsection.4.3.3}{ Greedy Randomized Adaptive Search Procedure - GRASP }{subsection.4.3}% 29
\BOOKMARK [3][-]{subsubsection.4.3.4}{ B\372squeda Local Reiterada - ILS }{subsection.4.3}% 30
\BOOKMARK [3][-]{subsubsection.4.3.5}{ B\372squeda Local Reiterada con Enfriamiento Simulado - ILS-ES }{subsection.4.3}% 31
\BOOKMARK [1][-]{section.5}{ Procedimiento de desarrollo }{}% 32
\BOOKMARK [2][-]{subsection.5.1}{ Pr\341ctica 1 }{section.5}% 33
\BOOKMARK [2][-]{subsection.5.2}{ Pr\341ctica 2 }{section.5}% 34
\BOOKMARK [2][-]{subsection.5.3}{ Pr\341ctica 3 }{section.5}% 35
\BOOKMARK [1][-]{section.6}{Experimentos realizados}{}% 36
\BOOKMARK [2][-]{subsection.6.1}{Pr\341ctica 1}{section.6}% 37
\BOOKMARK [3][-]{subsubsection.6.1.1}{Experimentos 1: resultados iniciales}{subsection.6.1}% 38
\BOOKMARK [4][-]{paragraph.6.1.1.1}{ An\341lisis }{subsubsection.6.1.1}% 39
\BOOKMARK [3][-]{subsubsection.6.1.2}{ Experimento 2: exploraci\363n del vecindario }{subsection.6.1}% 40
\BOOKMARK [4][-]{paragraph.6.1.2.1}{ An\341lisis }{subsubsection.6.1.2}% 41
\BOOKMARK [3][-]{subsubsection.6.1.3}{ Experimento 3: b\372squeda del \363ptimo }{subsection.6.1}% 42
\BOOKMARK [4][-]{paragraph.6.1.3.1}{ An\341lisis }{subsubsection.6.1.3}% 43
\BOOKMARK [3][-]{subsubsection.6.1.4}{ Experimento 4: estudio evolutivo de la exploraci\363n del entorno }{subsection.6.1}% 44
\BOOKMARK [4][-]{paragraph.6.1.4.1}{ An\341lisis }{subsubsection.6.1.4}% 45
\BOOKMARK [2][-]{subsection.6.2}{ Pr\341ctica 2 }{section.6}% 46
\BOOKMARK [3][-]{subsubsection.6.2.1}{ Experimento 1: resultados iniciales}{subsection.6.2}% 47
\BOOKMARK [4][-]{paragraph.6.2.1.1}{ An\341lisis}{subsubsection.6.2.1}% 48
\BOOKMARK [3][-]{subsubsection.6.2.2}{ Experimento 2: Comparativa con pr\341ctica 1 y mem\351tico mejorado}{subsection.6.2}% 49
\BOOKMARK [4][-]{paragraph.6.2.2.1}{ An\341lisis }{subsubsection.6.2.2}% 50
\BOOKMARK [3][-]{subsubsection.6.2.3}{ Experimento 3: Estudio evolutivo a nivel generacional }{subsection.6.2}% 51
\BOOKMARK [4][-]{paragraph.6.2.3.1}{ An\341lisis }{subsubsection.6.2.3}% 52
\BOOKMARK [2][-]{subsection.6.3}{ Pr\341ctica 3 }{section.6}% 53
\BOOKMARK [3][-]{subsubsection.6.3.1}{ Experimento 1: resultados iniciales}{subsection.6.3}% 54
\BOOKMARK [4][-]{paragraph.6.3.1.1}{ An\341lisis }{subsubsection.6.3.1}% 55
\BOOKMARK [3][-]{subsubsection.6.3.2}{ Experimento 2: Estudio evolutivo del Enfriamiento Simulado }{subsection.6.3}% 56
\BOOKMARK [4][-]{paragraph.6.3.2.1}{ An\341lisis }{subsubsection.6.3.2}% 57
